<?xml version="1.0" encoding="UTF-8"?>
<testng-results ignored="0" total="0" passed="0" failed="0" skipped="0">
  <reporter-output>
  </reporter-output>
  <suite started-at="2022-12-20T13:23:09 CET" name="Test NG" finished-at="2022-12-20T13:23:09 CET" duration-ms="9">
    <groups>
    </groups>
    <test started-at="2022-12-20T13:23:09 CET" name="RegressionTests" finished-at="2022-12-20T13:23:09 CET" duration-ms="9">
    </test> <!-- RegressionTests -->
  </suite> <!-- Test NG -->
</testng-results>
