<?xml version="1.0" encoding="UTF-8"?>
<!-- Generated by org.testng.reporters.JUnitXMLReporter -->
<testsuite ignored="0" hostname="DESKTOP-B6VS0LO" failures="0" tests="10" name="Default test" time="0.07" errors="0" timestamp="2022-12-20T13:22:50 CET">
  <testcase classname="testpackagetwo.FirstClass" name="Demo1" time="0.009"/>
  <testcase classname="testpackagetwo.FirstClass" name="Demo2" time="0.001"/>
  <testcase classname="testpackagetwo.FourthClass" name="LoginAPIHome" time="0.001"/>
  <testcase classname="testpackagetwo.FourthClass" name="MobileLoginHome" time="0.001"/>
  <testcase classname="testpackagetwo.FourthClass" name="WebLoginHome" time="0.002"/>
  <testcase classname="testpackagetwo.ThirdClass" name="LoginAPI" time="0.003"/>
  <testcase classname="testpackagetwo.ThirdClass" name="MobileLogin" time="0.001"/>
  <testcase classname="testpackagetwo.ThirdClass" name="WebLogin" time="0.0"/>
  <testcase classname="testpackagetwo.SecondClass" name="Demo3" time="0.0"/>
  <testcase classname="testpackagetwo.SecondClass" name="Demo4" time="0.001"/>
</testsuite> <!-- Default test -->
