<?xml version="1.0" encoding="UTF-8"?>
<!-- Generated by org.testng.reporters.JUnitXMLReporter -->
<testsuite ignored="0" hostname="DESKTOP-B6VS0LO" failures="0" tests="4" name="FirstTestGroup" time="0.047" errors="0" timestamp="2022-12-20T13:12:05 CET">
  <testcase classname="testpackage.SecondClass" name="Demo4" time="0.004"/>
  <testcase classname="testpackage.SecondClass" name="MobileLogin" time="0.001"/>
  <testcase classname="testpackage.SecondClass" name="WebLogin" time="0.003"/>
  <testcase classname="testpackage.FourthClass" name="WebLoginHome" time="0.001"/>
</testsuite> <!-- FirstTestGroup -->
