<?xml version="1.0" encoding="UTF-8"?>
<!-- Generated by org.testng.reporters.JUnitXMLReporter -->
<testsuite ignored="0" hostname="DESKTOP-B6VS0LO" failures="0" tests="3" name="SecondTestGroup" time="0.014" errors="0" timestamp="2022-12-20T13:12:05 CET">
  <testcase classname="testpackage.SecondClass" name="Demo4" time="0.0"/>
  <testcase classname="testpackage.SecondClass" name="MobileLogin" time="0.001"/>
  <testcase classname="testpackage.SecondClass" name="WebLogin" time="0.002"/>
</testsuite> <!-- SecondTestGroup -->
