<?xml version="1.0" encoding="UTF-8"?>
<!-- Generated by org.testng.reporters.JUnitXMLReporter -->
<testsuite ignored="0" hostname="DESKTOP-B6VS0LO" failures="0" tests="4" name="Test" time="0.052" errors="0" timestamp="2022-12-20T11:54:54 CET">
  <testcase classname="testpackage.FirstClass" name="Demo1" time="0.009"/>
  <testcase classname="testpackage.FirstClass" name="Demo2" time="0.001"/>
  <testcase classname="testpackage.SecondClass" name="Demo3" time="0.002"/>
  <testcase classname="testpackage.SecondClass" name="Demo4" time="0.001"/>
</testsuite> <!-- Test -->
